<?xml version="1.0" encoding="UTF-8"?>
<!-- Generated by org.testng.reporters.JUnitReportReporter -->
<testsuite skipped="0" hostname="Mir-PC" name="suiteA.TestA5" tests="6" failures="0" timestamp="29 Jul 2020 09:42:34 GMT" time="0.120" errors="0">
  <testcase name="testA5_6" time="0.021" classname="suiteA.TestA5"/>
  <testcase name="testA5_4" time="0.024" classname="suiteA.TestA5"/>
  <testcase name="testA5_5" time="0.015" classname="suiteA.TestA5"/>
  <testcase name="testA5_3" time="0.022" classname="suiteA.TestA5"/>
  <testcase name="testA5_1" time="0.017" classname="suiteA.TestA5"/>
  <testcase name="testA5_2" time="0.021" classname="suiteA.TestA5"/>
</testsuite> <!-- suiteA.TestA5 -->
