<?xml version="1.0" encoding="UTF-8"?>
<!-- Generated by org.testng.reporters.JUnitReportReporter -->
<testsuite skipped="0" hostname="Mir-PC" name="suiteB.TestB" tests="2" failures="0" timestamp="25 Jul 2020 02:34:54 GMT" time="4.066" errors="0">
  <testcase name="testB" time="2.040" classname="suiteB.TestB"/>
  <testcase name="testB" time="2.026" classname="suiteB.TestB"/>
</testsuite> <!-- suiteB.TestB -->
