<?xml version="1.0" encoding="UTF-8"?>
<!-- Generated by org.testng.reporters.JUnitReportReporter -->
<testsuite skipped="0" hostname="Mir-PC" name="suiteA.TestAA" tests="2" failures="0" timestamp="26 Jul 2020 09:21:04 GMT" time="4.049" errors="0">
  <testcase name="testAA" time="2.026" classname="suiteA.TestAA"/>
  <testcase name="testAA" time="2.023" classname="suiteA.TestAA"/>
</testsuite> <!-- suiteA.TestAA -->
