<?xml version="1.0" encoding="UTF-8"?>
<!-- Generated by org.testng.reporters.JUnitReportReporter -->
<testsuite skipped="0" hostname="Mir-PC" name="suiteC.TestC" tests="2" failures="0" timestamp="26 Jul 2020 07:07:34 GMT" time="4.824" errors="0">
  <testcase name="testC" time="2.021" classname="suiteC.TestC"/>
  <testcase name="testC" time="2.803" classname="suiteC.TestC"/>
</testsuite> <!-- suiteC.TestC -->
