<?xml version="1.0" encoding="UTF-8"?>
<!-- Generated by org.testng.reporters.JUnitReportReporter -->
<testsuite skipped="0" hostname="Mir-PC" name="suiteA.TestA3" tests="6" failures="0" timestamp="31 Jul 2020 03:52:50 GMT" time="0.139" errors="0">
  <testcase name="testA3_5" time="0.026" classname="suiteA.TestA3"/>
  <testcase name="testA3_6" time="0.019" classname="suiteA.TestA3"/>
  <testcase name="testA3_2" time="0.021" classname="suiteA.TestA3"/>
  <testcase name="testA3_4" time="0.024" classname="suiteA.TestA3"/>
  <testcase name="testA3_3" time="0.022" classname="suiteA.TestA3"/>
  <testcase name="testA3_1" time="0.027" classname="suiteA.TestA3"/>
</testsuite> <!-- suiteA.TestA3 -->
