<?xml version="1.0" encoding="UTF-8"?>
<!-- Generated by org.testng.reporters.JUnitReportReporter -->
<testsuite skipped="0" hostname="Mir-PC" name="suiteB.TestBB" tests="1" failures="0" timestamp="26 Jul 2020 03:42:27 GMT" time="2.057" errors="0">
  <testcase name="testBB" time="2.057" classname="suiteB.TestBB"/>
</testsuite> <!-- suiteB.TestBB -->
