<?xml version="1.0" encoding="UTF-8"?>
<!-- Generated by org.testng.reporters.JUnitReportReporter -->
<testsuite skipped="0" hostname="Mir-PC" name="suiteC.TestCC" tests="2" failures="0" timestamp="26 Jul 2020 07:07:34 GMT" time="4.091" errors="0">
  <testcase name="testCC" time="2.020" classname="suiteC.TestCC"/>
  <testcase name="testCC" time="2.071" classname="suiteC.TestCC"/>
</testsuite> <!-- suiteC.TestCC -->
