<?xml version="1.0" encoding="UTF-8"?>
<!-- Generated by org.testng.reporters.JUnitReportReporter -->
<testsuite skipped="0" hostname="Mir-PC" name="suiteA.TestAA2" tests="6" failures="0" timestamp="29 Jul 2020 09:42:34 GMT" time="0.264" errors="0">
  <testcase name="testAA2_1" time="0.043" classname="suiteA.TestAA2"/>
  <testcase name="testAA2_6" time="0.043" classname="suiteA.TestAA2"/>
  <testcase name="testAA2_2" time="0.019" classname="suiteA.TestAA2"/>
  <testcase name="testAA2_3" time="0.127" classname="suiteA.TestAA2"/>
  <testcase name="testAA2_5" time="0.015" classname="suiteA.TestAA2"/>
  <testcase name="testAA2_4" time="0.017" classname="suiteA.TestAA2"/>
</testsuite> <!-- suiteA.TestAA2 -->
