<?xml version="1.0" encoding="UTF-8"?>
<!-- Generated by org.testng.reporters.JUnitReportReporter -->
<testsuite skipped="0" hostname="Mir-PC" name="suiteA.TestAA3" tests="5" failures="0" timestamp="29 Jul 2020 04:39:23 GMT" time="0.014" errors="0">
  <testcase name="testAA3_1" time="0.007" classname="suiteA.TestAA3"/>
  <testcase name="testAA3_5" time="0.002" classname="suiteA.TestAA3"/>
  <testcase name="testAA3_4" time="0.002" classname="suiteA.TestAA3"/>
  <testcase name="testAA3_2" time="0.001" classname="suiteA.TestAA3"/>
  <testcase name="testAA3_3" time="0.002" classname="suiteA.TestAA3"/>
</testsuite> <!-- suiteA.TestAA3 -->
