<?xml version="1.0" encoding="UTF-8"?>
<!-- Generated by org.testng.reporters.JUnitReportReporter -->
<testsuite skipped="0" hostname="Mir-PC" name="suiteA.TestAA5" tests="5" failures="0" timestamp="29 Jul 2020 04:39:23 GMT" time="0.020" errors="0">
  <testcase name="testAA5_1" time="0.004" classname="suiteA.TestAA5"/>
  <testcase name="testAA5_2" time="0.003" classname="suiteA.TestAA5"/>
  <testcase name="testAA5_4" time="0.004" classname="suiteA.TestAA5"/>
  <testcase name="testAA5_3" time="0.005" classname="suiteA.TestAA5"/>
  <testcase name="testAA5_5" time="0.004" classname="suiteA.TestAA5"/>
</testsuite> <!-- suiteA.TestAA5 -->
