<?xml version="1.0" encoding="UTF-8"?>
<!-- Generated by org.testng.reporters.JUnitReportReporter -->
<testsuite skipped="0" hostname="Mir-PC" name="rough.Rough" tests="1" failures="0" timestamp="30 Jul 2020 21:23:51 GMT" time="0.015" errors="0">
  <testcase name="rough" time="0.015" classname="rough.Rough"/>
</testsuite> <!-- rough.Rough -->
