<?xml version="1.0" encoding="UTF-8"?>
<!-- Generated by org.testng.reporters.JUnitReportReporter -->
<testsuite skipped="0" hostname="Mir-PC" name="suiteA.TestA2" tests="6" failures="0" timestamp="29 Jul 2020 04:52:56 GMT" time="0.038" errors="0">
  <testcase name="testA2_1" time="0.009" classname="suiteA.TestA2"/>
  <testcase name="testA2_2" time="0.005" classname="suiteA.TestA2"/>
  <testcase name="testA2_5" time="0.013" classname="suiteA.TestA2"/>
  <testcase name="testA2_3" time="0.003" classname="suiteA.TestA2"/>
  <testcase name="testA2_4" time="0.003" classname="suiteA.TestA2"/>
  <testcase name="testA2_6" time="0.005" classname="suiteA.TestA2"/>
</testsuite> <!-- suiteA.TestA2 -->
