<?xml version="1.0" encoding="UTF-8"?>
<!-- Generated by org.testng.reporters.JUnitReportReporter -->
<testsuite skipped="0" hostname="Mir-PC" name="suiteA.TestA4" tests="6" failures="0" timestamp="29 Jul 2020 09:42:34 GMT" time="0.139" errors="0">
  <testcase name="testA4_2" time="0.017" classname="suiteA.TestA4"/>
  <testcase name="testA4_3" time="0.022" classname="suiteA.TestA4"/>
  <testcase name="testA4_1" time="0.032" classname="suiteA.TestA4"/>
  <testcase name="testA4_4" time="0.025" classname="suiteA.TestA4"/>
  <testcase name="testA4_5" time="0.019" classname="suiteA.TestA4"/>
  <testcase name="testA4_6" time="0.024" classname="suiteA.TestA4"/>
</testsuite> <!-- suiteA.TestA4 -->
