<?xml version="1.0" encoding="UTF-8"?>
<!-- Generated by org.testng.reporters.JUnitReportReporter -->
<testsuite skipped="0" hostname="Mir-PC" name="suiteA.TestAA4" tests="5" failures="0" timestamp="29 Jul 2020 09:42:34 GMT" time="0.138" errors="0">
  <testcase name="testAA4_1" time="0.030" classname="suiteA.TestAA4"/>
  <testcase name="testAA4_2" time="0.019" classname="suiteA.TestAA4"/>
  <testcase name="testAA4_3" time="0.050" classname="suiteA.TestAA4"/>
  <testcase name="testAA4_5" time="0.020" classname="suiteA.TestAA4"/>
  <testcase name="testAA4_4" time="0.019" classname="suiteA.TestAA4"/>
</testsuite> <!-- suiteA.TestAA4 -->
