<?xml version="1.0" encoding="UTF-8"?>
<!-- Generated by org.testng.reporters.JUnitReportReporter -->
<testsuite skipped="0" hostname="Mir-PC" name="suiteA.TestAA" tests="2" failures="0" timestamp="29 Jul 2020 14:03:37 GMT" time="4.046" errors="0">
  <testcase name="testAA" time="2.022" classname="suiteA.TestAA"/>
  <testcase name="testAA" time="2.024" classname="suiteA.TestAA"/>
</testsuite> <!-- suiteA.TestAA -->
